<?xml version="1.0" encoding="UTF-8"?>
<!-- Generated by org.testng.reporters.JUnitXMLReporter -->
<testsuite hostname="MAVBCP75" name="Default test" tests="1" failures="0" timestamp="9 Jun 2020 07:19:02 GMT" time="0.034" errors="0">
  <testcase name="@BeforeMethod setUp" time="0.0" classname="com.testscenerios.EMI_Vimal">
    <failure type="org.testng.TestNGException" message="
Parameter &amp;apos;ModeOfRun&amp;apos; is required by @Configuration on method setUp but has not been marked @Optional or defined
in C:\Users\vimalrajv\AppData\Local\Temp\testng-eclipse-1123900098\testng-customsuite.xml">
      <![CDATA[org.testng.TestNGException: 
Parameter 'ModeOfRun' is required by @Configuration on method setUp but has not been marked @Optional or defined
in C:\Users\vimalrajv\AppData\Local\Temp\testng-eclipse-1123900098\testng-customsuite.xml
	at org.testng.internal.Parameters.createParameters(Parameters.java:154)
	at org.testng.internal.Parameters.createParameters(Parameters.java:361)
	at org.testng.internal.Parameters.createConfigurationParameters(Parameters.java:84)
	at org.testng.internal.Invoker.invokeConfigurations(Invoker.java:201)
	at org.testng.internal.Invoker.invokeMethod(Invoker.java:589)
	at org.testng.internal.Invoker.invokeTestMethod(Invoker.java:822)
	at org.testng.internal.Invoker.invokeTestMethods(Invoker.java:1130)
	at org.testng.internal.TestMethodWorker.invokeTestMethods(TestMethodWorker.java:129)
	at org.testng.internal.TestMethodWorker.run(TestMethodWorker.java:112)
	at org.testng.TestRunner.privateRun(TestRunner.java:782)
	at org.testng.TestRunner.run(TestRunner.java:632)
	at org.testng.SuiteRunner.runTest(SuiteRunner.java:366)
	at org.testng.SuiteRunner.runSequentially(SuiteRunner.java:361)
	at org.testng.SuiteRunner.privateRun(SuiteRunner.java:319)
	at org.testng.SuiteRunner.run(SuiteRunner.java:268)
	at org.testng.SuiteRunnerWorker.runSuite(SuiteRunnerWorker.java:52)
	at org.testng.SuiteRunnerWorker.run(SuiteRunnerWorker.java:86)
	at org.testng.TestNG.runSuitesSequentially(TestNG.java:1244)
	at org.testng.TestNG.runSuitesLocally(TestNG.java:1169)
	at org.testng.TestNG.run(TestNG.java:1064)
	at org.testng.remote.RemoteTestNG.run(RemoteTestNG.java:113)
	at org.testng.remote.RemoteTestNG.initAndRun(RemoteTestNG.java:206)
	at org.testng.remote.RemoteTestNG.main(RemoteTestNG.java:177)
]]>
    </failure>
  </testcase> <!-- @BeforeMethod setUp -->
  <testcase name="@AfterMethod tearDown" time="0.0" classname="com.testscenerios.EMI_Vimal">
    <skipped/>
  </testcase> <!-- @AfterMethod tearDown -->
  <testcase name="@AfterClass endClass" time="0.0" classname="com.testscenerios.EMI_Vimal">
    <skipped/>
  </testcase> <!-- @AfterClass endClass -->
  <testcase name="EMI_ViewEMI" time="0.001" classname="com.testscenerios.EMI_Vimal">
    <skipped/>
  </testcase> <!-- EMI_ViewEMI -->
</testsuite> <!-- Default test -->
